{"level":"info","message":"Servidor rodando na porta 4000","timestamp":"2024-10-31T16:00:57.431Z"}
{"level":"info","message":"Servidor rodando na porta 4000","timestamp":"2024-10-31T16:20:02.864Z"}
{"level":"info","message":"Servidor rodando na porta 4000","timestamp":"2024-10-31T16:36:16.825Z"}
{"level":"error","message":"Erro não tratado: Access denied for user 'seu_usuario'@'localhost' (using password: YES)","name":"SequelizeAccessDeniedError","original":{"code":"ER_ACCESS_DENIED_ERROR","errno":1045,"sqlMessage":"Access denied for user 'seu_usuario'@'localhost' (using password: YES)","sqlState":"28000"},"parent":{"code":"ER_ACCESS_DENIED_ERROR","errno":1045,"sqlMessage":"Access denied for user 'seu_usuario'@'localhost' (using password: YES)","sqlState":"28000"},"stack":"SequelizeAccessDeniedError: Access denied for user 'seu_usuario'@'localhost' (using password: YES)\n    at ConnectionManager.connect (/Users/christoffer/Documents/teste1/node_modules/sequelize/lib/dialects/mysql/connection-manager.js:94:17)\n    at process.processTicksAndRejections (node:internal/process/task_queues:105:5)\n    at async ConnectionManager._connect (/Users/christoffer/Documents/teste1/node_modules/sequelize/lib/dialects/abstract/connection-manager.js:222:24)\n    at async /Users/christoffer/Documents/teste1/node_modules/sequelize/lib/dialects/abstract/connection-manager.js:174:32\n    at async ConnectionManager.getConnection (/Users/christoffer/Documents/teste1/node_modules/sequelize/lib/dialects/abstract/connection-manager.js:197:7)\n    at async /Users/christoffer/Documents/teste1/node_modules/sequelize/lib/sequelize.js:305:26\n    at async MySQLQueryInterface.tableExists (/Users/christoffer/Documents/teste1/node_modules/sequelize/lib/dialects/abstract/query-interface.js:102:17)\n    at async User.sync (/Users/christoffer/Documents/teste1/node_modules/sequelize/lib/model.js:939:21)\n    at async Sequelize.sync (/Users/christoffer/Documents/teste1/node_modules/sequelize/lib/sequelize.js:377:9)","timestamp":"2024-10-31T16:46:30.859Z"}
{"level":"info","message":"Servidor rodando na porta 4000","timestamp":"2024-10-31T16:47:51.058Z"}
{"level":"info","message":"Servidor rodando na porta 4000","timestamp":"2024-10-31T16:53:17.071Z"}
{"level":"info","message":"Servidor rodando na porta 4000","timestamp":"2024-10-31T17:01:26.904Z"}
{"level":"info","message":"Servidor rodando na porta 4000","timestamp":"2024-10-31T17:03:06.556Z"}
{"level":"info","message":"Servidor rodando na porta 4000","timestamp":"2024-10-31T18:10:13.442Z"}
{"isOperational":false,"level":"error","statusCode":500,"timestamp":"2024-10-31T18:11:04.498Z"}
{"level":"info","message":"Servidor rodando na porta 4000","timestamp":"2024-10-31T18:12:10.512Z"}
{"isOperational":false,"level":"error","statusCode":500,"timestamp":"2024-10-31T18:12:14.784Z"}
{"level":"info","message":"Servidor rodando na porta 4000","timestamp":"2024-10-31T18:16:08.266Z"}
{"isOperational":true,"level":"error","statusCode":500,"timestamp":"2024-10-31T18:16:15.836Z"}
{"level":"info","message":"Servidor rodando na porta 4000","timestamp":"2024-10-31T18:17:54.991Z"}
{"level":"info","message":"Servidor rodando na porta 4000","timestamp":"2024-10-31T18:21:04.489Z"}
{"isOperational":true,"level":"error","statusCode":500,"timestamp":"2024-10-31T18:21:10.344Z"}
{"level":"info","message":"Servidor rodando na porta 4000","timestamp":"2024-10-31T18:21:23.178Z"}
{"isOperational":true,"level":"error","statusCode":500,"timestamp":"2024-10-31T18:21:30.067Z"}
{"level":"info","message":"Servidor rodando na porta 4000","timestamp":"2024-10-31T18:23:12.004Z"}
{"isOperational":true,"level":"error","statusCode":500,"timestamp":"2024-10-31T18:23:17.513Z"}
{"level":"info","message":"Servidor rodando na porta 4000","timestamp":"2024-10-31T18:23:27.605Z"}
{"isOperational":true,"level":"error","statusCode":500,"timestamp":"2024-10-31T18:23:33.635Z"}
{"level":"info","message":"Servidor rodando na porta 4000","timestamp":"2024-10-31T18:23:51.948Z"}
{"isOperational":true,"level":"error","statusCode":500,"timestamp":"2024-10-31T18:23:57.187Z"}
{"level":"info","message":"Servidor rodando na porta 4000","timestamp":"2024-10-31T19:02:46.234Z"}
{"level":"info","message":"Servidor rodando na porta 4000","timestamp":"2024-10-31T19:06:20.423Z"}
{"level":"info","message":"Servidor rodando na porta 4000","timestamp":"2024-10-31T19:41:56.682Z"}
{"level":"info","message":"Servidor rodando na porta 4000","timestamp":"2024-10-31T19:43:37.378Z"}
{"level":"info","message":"Servidor rodando na porta 4000","timestamp":"2024-10-31T19:55:10.383Z"}
{"level":"info","message":"Servidor rodando na porta 4000","timestamp":"2024-10-31T20:12:52.461Z"}
{"level":"info","message":"Servidor rodando na porta 4000","timestamp":"2024-10-31T21:08:20.815Z"}
{"isOperational":false,"level":"error","statusCode":500,"timestamp":"2024-10-31T21:09:37.372Z"}
{"isOperational":false,"level":"error","statusCode":500,"timestamp":"2024-10-31T21:12:36.185Z"}
{"level":"info","message":"Servidor rodando na porta 4000","timestamp":"2024-10-31T21:13:50.842Z"}
{"isOperational":true,"level":"error","statusCode":500,"timestamp":"2024-10-31T21:15:40.503Z"}
{"level":"info","message":"Servidor rodando na porta 4000","timestamp":"2024-10-31T21:34:50.511Z"}
{"isOperational":false,"level":"error","statusCode":500,"timestamp":"2024-10-31T21:36:21.880Z"}
{"isOperational":true,"level":"error","message":"Erro não tratado: Acesso negado: requer privilégios de administrador","stack":"Error: Acesso negado: requer privilégios de administrador\n    at admin (/Users/christoffer/Documents/teste1/src/middlewares/admin.middleware.js:5:11)\n    at Layer.handle [as handle_request] (/Users/christoffer/Documents/teste1/node_modules/express/lib/router/layer.js:95:5)\n    at trim_prefix (/Users/christoffer/Documents/teste1/node_modules/express/lib/router/index.js:328:13)\n    at /Users/christoffer/Documents/teste1/node_modules/express/lib/router/index.js:286:9\n    at Function.process_params (/Users/christoffer/Documents/teste1/node_modules/express/lib/router/index.js:346:12)\n    at next (/Users/christoffer/Documents/teste1/node_modules/express/lib/router/index.js:280:10)\n    at auth (/Users/christoffer/Documents/teste1/src/middlewares/auth.middleware.js:31:7)\n    at Layer.handle [as handle_request] (/Users/christoffer/Documents/teste1/node_modules/express/lib/router/layer.js:95:5)\n    at trim_prefix (/Users/christoffer/Documents/teste1/node_modules/express/lib/router/index.js:328:13)\n    at /Users/christoffer/Documents/teste1/node_modules/express/lib/router/index.js:286:9","statusCode":403,"timestamp":"2024-10-31T21:38:27.330Z"}
